[2021-10-31 23:08:16 [34mINFO [0;39m com.infotran.springboot.LineBotApplication.logStarting(StartupInfoLogger.java:55)]   Starting LineBotApplication using Java 11.0.10 on DESKTOP-5CEKT1B with PID 2556 (D:\IdeaProject\LineBot\target\classes started by chris in D:\IdeaProject\LineBot)
[2021-10-31 23:08:16 [34mINFO [0;39m com.infotran.springboot.LineBotApplication.logStartupProfileInfo(SpringApplication.java:675)]   No active profile set, falling back to default profiles: default
[2021-10-31 23:08:16 [34mINFO [0;39m org.springframework.boot.devtools.env.DevToolsPropertyDefaultsPostProcessor.logTo(DeferredLog.java:255)]   Devtools property defaults active! Set 'spring.devtools.add-properties' to 'false' to disable
[2021-10-31 23:08:16 [34mINFO [0;39m org.springframework.boot.devtools.env.DevToolsPropertyDefaultsPostProcessor.logTo(DeferredLog.java:255)]   For additional web related logging consider setting the 'logging.level.web' property to 'DEBUG'
[2021-10-31 23:08:16 [34mINFO [0;39m org.springframework.data.repository.config.RepositoryConfigurationDelegate.multipleStoresDetected(RepositoryConfigurationDelegate.java:250)]   Multiple Spring Data modules found, entering strict repository configuration mode!
[2021-10-31 23:08:16 [34mINFO [0;39m org.springframework.data.repository.config.RepositoryConfigurationDelegate.registerRepositoriesIn(RepositoryConfigurationDelegate.java:128)]   Bootstrapping Spring Data JPA repositories in DEFAULT mode.
[2021-10-31 23:08:16 [34mINFO [0;39m org.springframework.data.repository.config.RepositoryConfigurationDelegate.registerRepositoriesIn(RepositoryConfigurationDelegate.java:188)]   Finished Spring Data repository scanning in 67 ms. Found 5 JPA repository interfaces.
[2021-10-31 23:08:16 [34mINFO [0;39m org.springframework.data.repository.config.RepositoryConfigurationDelegate.multipleStoresDetected(RepositoryConfigurationDelegate.java:250)]   Multiple Spring Data modules found, entering strict repository configuration mode!
[2021-10-31 23:08:16 [34mINFO [0;39m org.springframework.data.repository.config.RepositoryConfigurationDelegate.registerRepositoriesIn(RepositoryConfigurationDelegate.java:128)]   Bootstrapping Spring Data Redis repositories in DEFAULT mode.
[2021-10-31 23:08:16 [34mINFO [0;39m org.springframework.data.repository.config.RepositoryConfigurationExtensionSupport.isStrictRepositoryCandidate(RepositoryConfigurationExtensionSupport.java:349)]   Spring Data Redis - Could not safely identify store assignment for repository candidate interface com.infotran.springboot.linebot.dao.MenuIdRepository. If you want this repository to be a Redis repository, consider annotating your entities with one of these annotations: org.springframework.data.redis.core.RedisHash (preferred), or consider extending one of the following types with your repository: org.springframework.data.keyvalue.repository.KeyValueRepository.
[2021-10-31 23:08:16 [34mINFO [0;39m org.springframework.data.repository.config.RepositoryConfigurationExtensionSupport.isStrictRepositoryCandidate(RepositoryConfigurationExtensionSupport.java:349)]   Spring Data Redis - Could not safely identify store assignment for repository candidate interface com.infotran.springboot.webcrawler.confirmcase.dao.ConfirmCaseRepository. If you want this repository to be a Redis repository, consider annotating your entities with one of these annotations: org.springframework.data.redis.core.RedisHash (preferred), or consider extending one of the following types with your repository: org.springframework.data.keyvalue.repository.KeyValueRepository.
[2021-10-31 23:08:16 [34mINFO [0;39m org.springframework.data.repository.config.RepositoryConfigurationExtensionSupport.isStrictRepositoryCandidate(RepositoryConfigurationExtensionSupport.java:349)]   Spring Data Redis - Could not safely identify store assignment for repository candidate interface com.infotran.springboot.webcrawler.medicinestore.dao.MedicineStoreRepository. If you want this repository to be a Redis repository, consider annotating your entities with one of these annotations: org.springframework.data.redis.core.RedisHash (preferred), or consider extending one of the following types with your repository: org.springframework.data.keyvalue.repository.KeyValueRepository.
[2021-10-31 23:08:16 [34mINFO [0;39m org.springframework.data.repository.config.RepositoryConfigurationExtensionSupport.isStrictRepositoryCandidate(RepositoryConfigurationExtensionSupport.java:349)]   Spring Data Redis - Could not safely identify store assignment for repository candidate interface com.infotran.springboot.webcrawler.vaccinesvg.dao.VaccinedPDFRecordRepo. If you want this repository to be a Redis repository, consider annotating your entities with one of these annotations: org.springframework.data.redis.core.RedisHash (preferred), or consider extending one of the following types with your repository: org.springframework.data.keyvalue.repository.KeyValueRepository.
[2021-10-31 23:08:16 [34mINFO [0;39m org.springframework.data.repository.config.RepositoryConfigurationExtensionSupport.isStrictRepositoryCandidate(RepositoryConfigurationExtensionSupport.java:349)]   Spring Data Redis - Could not safely identify store assignment for repository candidate interface com.infotran.springboot.webcrawler.vaccinesvg.dao.VaccinedTypePeopleRepo. If you want this repository to be a Redis repository, consider annotating your entities with one of these annotations: org.springframework.data.redis.core.RedisHash (preferred), or consider extending one of the following types with your repository: org.springframework.data.keyvalue.repository.KeyValueRepository.
[2021-10-31 23:08:16 [34mINFO [0;39m org.springframework.data.repository.config.RepositoryConfigurationDelegate.registerRepositoriesIn(RepositoryConfigurationDelegate.java:188)]   Finished Spring Data repository scanning in 12 ms. Found 0 Redis repository interfaces.
[2021-10-31 23:08:17 [34mINFO [0;39m org.springframework.boot.web.embedded.tomcat.TomcatWebServer.initialize(TomcatWebServer.java:108)]   Tomcat initialized with port(s): 8080 (http)
[2021-10-31 23:08:17 [34mINFO [0;39m org.apache.coyote.http11.Http11NioProtocol.log(DirectJDKLog.java:173)]   Initializing ProtocolHandler ["http-nio-8080"]
[2021-10-31 23:08:17 [34mINFO [0;39m org.apache.catalina.core.StandardService.log(DirectJDKLog.java:173)]   Starting service [Tomcat]
[2021-10-31 23:08:17 [34mINFO [0;39m org.apache.catalina.core.StandardEngine.log(DirectJDKLog.java:173)]   Starting Servlet engine: [Apache Tomcat/9.0.45]
[2021-10-31 23:08:17 [34mINFO [0;39m org.apache.jasper.servlet.TldScanner.log(DirectJDKLog.java:173)]   At least one JAR was scanned for TLDs yet contained no TLDs. Enable debug logging for this logger for a complete list of JARs that were scanned but no TLDs were found in them. Skipping unneeded JARs during scanning can improve startup time and JSP compilation time.
[2021-10-31 23:08:17 [34mINFO [0;39m org.apache.catalina.core.ContainerBase.[Tomcat].[localhost].[/linebot].log(DirectJDKLog.java:173)]   Initializing Spring embedded WebApplicationContext
[2021-10-31 23:08:17 [34mINFO [0;39m org.springframework.boot.web.servlet.context.ServletWebServerApplicationContext.prepareWebApplicationContext(ServletWebServerApplicationContext.java:289)]   Root WebApplicationContext: initialization completed in 1590 ms
[2021-10-31 23:08:18 [34mINFO [0;39m org.hibernate.jpa.internal.util.LogHelper.logPersistenceUnitInformation(LogHelper.java:31)]   HHH000204: Processing PersistenceUnitInfo [name: default]
[2021-10-31 23:08:18 [34mINFO [0;39m org.hibernate.Version.logVersion(Version.java:44)]   HHH000412: Hibernate ORM core version 5.4.30.Final
[2021-10-31 23:08:18 [34mINFO [0;39m org.hibernate.annotations.common.Version.<clinit>(JavaReflectionManager.java:56)]   HCANN000001: Hibernate Commons Annotations {5.1.2.Final}
[2021-10-31 23:08:18 [34mINFO [0;39m com.zaxxer.hikari.HikariDataSource.getConnection(HikariDataSource.java:110)]   HikariPool-1 - Starting...
[2021-10-31 23:08:18 [34mINFO [0;39m com.zaxxer.hikari.HikariDataSource.getConnection(HikariDataSource.java:123)]   HikariPool-1 - Start completed.
[2021-10-31 23:08:18 [34mINFO [0;39m org.hibernate.dialect.Dialect.<init>(Dialect.java:175)]   HHH000400: Using dialect: org.hibernate.dialect.SQLServer2012Dialect
[2021-10-31 23:08:19 [34mINFO [0;39m org.hibernate.engine.transaction.jta.platform.internal.JtaPlatformInitiator.initiateService(JtaPlatformInitiator.java:52)]   HHH000490: Using JtaPlatform implementation: [org.hibernate.engine.transaction.jta.platform.internal.NoJtaPlatform]
[2021-10-31 23:08:19 [34mINFO [0;39m org.springframework.orm.jpa.LocalContainerEntityManagerFactoryBean.buildNativeEntityManagerFactory(AbstractEntityManagerFactoryBean.java:437)]   Initialized JPA EntityManagerFactory for persistence unit 'default'
[2021-10-31 23:08:19 [34mINFO [0;39m org.springframework.boot.devtools.autoconfigure.OptionalLiveReloadServer.startServer(OptionalLiveReloadServer.java:58)]   LiveReload server is running on port 35729
[2021-10-31 23:08:19 [34mINFO [0;39m com.infotran.springboot.linebot.service.BaseMessagePool.afterPropertiesSet(BaseMessagePool.java:34)]   HandlerEnum 全部名字: [處理測試文字, 處理今日確診數, 處理藥局地點, 處理其他]
[2021-10-31 23:08:19 [34mINFO [0;39m org.springframework.aop.framework.CglibAopProxy.doValidateClass(CglibAopProxy.java:263)]   Unable to proxy interface-implementing method [public final com.linecorp.bot.model.response.BotApiResponse com.infotran.springboot.linebot.service.BaseMessageHandler.handleMessageEvent(com.linecorp.bot.model.event.MessageEvent) throws java.lang.Exception] because it is marked as final: Consider using interface-based JDK proxies instead!
[2021-10-31 23:08:19 [34mINFO [0;39m com.infotran.springboot.linebot.service.BaseMessagePool.afterPropertiesSet(BaseMessagePool.java:37)]   載入 Added BaseMessageInterface實現類: com.infotran.springboot.linebot.service.messagehandler.HandleLocationMessage@58308f3b
[2021-10-31 23:08:19 [34mINFO [0;39m com.infotran.springboot.linebot.service.BaseMessagePool.afterPropertiesSet(BaseMessagePool.java:37)]   載入 Added BaseMessageInterface實現類: com.infotran.springboot.linebot.service.messagehandler.HandleOtherMessage@1dbd5f35
[2021-10-31 23:08:19 [34mINFO [0;39m com.infotran.springboot.linebot.service.BaseMessagePool.afterPropertiesSet(BaseMessagePool.java:37)]   載入 Added BaseMessageInterface實現類: com.infotran.springboot.linebot.service.messagehandler.HandleTextMessage@206769e7
[2021-10-31 23:08:19 [34mINFO [0;39m com.infotran.springboot.linebot.service.BaseMessagePool.afterPropertiesSet(BaseMessagePool.java:37)]   載入 Added BaseMessageInterface實現類: com.infotran.springboot.linebot.service.messagehandler.HandleTodayAmountMessage@3140ef84
[2021-10-31 23:08:19 [34mINFO [0;39m com.infotran.springboot.linebot.service.BaseMessagePool.afterPropertiesSet(BaseMessagePool.java:37)]   載入 Added BaseMessageInterface實現類: com.infotran.springboot.linebot.service.messagehandler.HandleVaccineImgMessage@34c0cbe0
[2021-10-31 23:08:19 [31mWARN [0;39m org.springframework.boot.autoconfigure.orm.jpa.JpaBaseConfiguration$JpaWebConfiguration.openEntityManagerInViewInterceptor(JpaBaseConfiguration.java:221)]   spring.jpa.open-in-view is enabled by default. Therefore, database queries may be performed during view rendering. Explicitly configure spring.jpa.open-in-view to disable this warning
[2021-10-31 23:08:19 [34mINFO [0;39m org.springframework.scheduling.concurrent.ThreadPoolTaskExecutor.initialize(ExecutorConfigurationSupport.java:181)]   Initializing ExecutorService 'applicationTaskExecutor'
[2021-10-31 23:08:20 [34mINFO [0;39m org.springframework.boot.autoconfigure.web.servlet.WelcomePageHandlerMapping.<init>(WelcomePageHandlerMapping.java:57)]   Adding welcome page template: index
[2021-10-31 23:08:20 [34mINFO [0;39m org.springframework.scheduling.concurrent.ThreadPoolTaskScheduler.initialize(ExecutorConfigurationSupport.java:181)]   Initializing ExecutorService 'taskScheduler'
[2021-10-31 23:08:20 [34mINFO [0;39m org.apache.coyote.http11.Http11NioProtocol.log(DirectJDKLog.java:173)]   Starting ProtocolHandler ["http-nio-8080"]
[2021-10-31 23:08:20 [34mINFO [0;39m org.springframework.boot.web.embedded.tomcat.TomcatWebServer.start(TomcatWebServer.java:220)]   Tomcat started on port(s): 8080 (http) with context path '/linebot'
[2021-10-31 23:08:20 [34mINFO [0;39m org.springframework.amqp.rabbit.connection.CachingConnectionFactory.connectAddresses(AbstractConnectionFactory.java:636)]   Attempting to connect to: [127.0.0.1:5672]
[2021-10-31 23:08:20 [34mINFO [0;39m org.springframework.amqp.rabbit.connection.CachingConnectionFactory.createBareConnection(AbstractConnectionFactory.java:589)]   Created new connection: rabbitConnectionFactory#1331ff68:0/SimpleConnection@71ecd34 [delegate=amqp://chris@127.0.0.1:5672/, localPort= 65153]
[2021-10-31 23:08:20 [34mINFO [0;39m org.springframework.amqp.rabbit.core.RabbitAdmin.initialize(RabbitAdmin.java:591)]   Auto-declaring a non-durable, auto-delete, or exclusive Queue (webcrawler-confirmcase) durable:false, auto-delete:false, exclusive:false. It will be redeclared if the broker stops and is restarted while the connection factory is alive, but all messages will be lost.
[2021-10-31 23:08:20 [34mINFO [0;39m org.springframework.amqp.rabbit.core.RabbitAdmin.initialize(RabbitAdmin.java:591)]   Auto-declaring a non-durable, auto-delete, or exclusive Queue (webcrawler-maskinfo) durable:false, auto-delete:false, exclusive:false. It will be redeclared if the broker stops and is restarted while the connection factory is alive, but all messages will be lost.
[2021-10-31 23:08:20 [34mINFO [0;39m org.springframework.amqp.rabbit.core.RabbitAdmin.initialize(RabbitAdmin.java:591)]   Auto-declaring a non-durable, auto-delete, or exclusive Queue (webcrawler-PDFVaccinedAmount) durable:false, auto-delete:false, exclusive:false. It will be redeclared if the broker stops and is restarted while the connection factory is alive, but all messages will be lost.
[2021-10-31 23:08:20 [34mINFO [0;39m com.linecorp.bot.spring.boot.support.LineMessageHandlerSupport.refresh(LineMessageHandlerSupport.java:115)]   Registered LINE Messaging API event handler: count = 2
[2021-10-31 23:08:20 [34mINFO [0;39m com.linecorp.bot.spring.boot.support.LineMessageHandlerSupport.lambda$refresh$3(LineMessageHandlerSupport.java:116)]   Mapped "[MessageEvent]" onto public void com.infotran.springboot.linebot.controller.EchoApplication.handleMessageEvent(com.linecorp.bot.model.event.MessageEvent) throws java.lang.Exception
[2021-10-31 23:08:20 [34mINFO [0;39m com.linecorp.bot.spring.boot.support.LineMessageHandlerSupport.lambda$refresh$3(LineMessageHandlerSupport.java:116)]   Mapped "[PostbackEvent]" onto public void com.infotran.springboot.linebot.controller.EchoApplication.handlePostBackEvent(com.linecorp.bot.model.event.PostbackEvent) throws java.lang.Exception
[2021-10-31 23:08:20 [34mINFO [0;39m com.infotran.springboot.LineBotApplication.logStarted(StartupInfoLogger.java:61)]   Started LineBotApplication in 4.745 seconds (JVM running for 6.177)
[2021-10-31 23:08:20 [34mINFO [0;39m com.linecorp.bot.client.wire.intercept(HttpLoggingInterceptor.java:169)]   --> GET https://api.line.me/v2/bot/richmenu/list
[2021-10-31 23:08:20 [34mINFO [0;39m com.linecorp.bot.client.wire.logHeader(HttpLoggingInterceptor.java:294)]   Authorization: Bearer ww5P0UIpl9jxB+a+dkO44euiFLfNhbUW+uqNjUue+dk/evwcYs/7ySV6iwwatmQwZExhR3polWKVDIJHxXMSehCExemJ4RRny0uFpYdWgwsp+Mi+643shY6fzzH/Ttqbn9iHPB8xm7GAlg7UH/klIwdB04t89/1O/w1cDnyilFU=
[2021-10-31 23:08:20 [34mINFO [0;39m com.linecorp.bot.client.wire.logHeader(HttpLoggingInterceptor.java:294)]   User-Agent: line-botsdk-java/4.3.0
[2021-10-31 23:08:20 [34mINFO [0;39m com.linecorp.bot.client.wire.intercept(HttpLoggingInterceptor.java:193)]   --> END GET
[2021-10-31 23:08:20 [34mINFO [0;39m com.linecorp.bot.client.wire.intercept(HttpLoggingInterceptor.java:233)]   <-- 200 https://api.line.me/v2/bot/richmenu/list (340ms)
[2021-10-31 23:08:20 [34mINFO [0;39m com.linecorp.bot.client.wire.logHeader(HttpLoggingInterceptor.java:294)]   server: openresty
[2021-10-31 23:08:20 [34mINFO [0;39m com.linecorp.bot.client.wire.logHeader(HttpLoggingInterceptor.java:294)]   content-type: application/json
[2021-10-31 23:08:20 [34mINFO [0;39m com.linecorp.bot.client.wire.logHeader(HttpLoggingInterceptor.java:294)]   x-content-type-options: nosniff
[2021-10-31 23:08:20 [34mINFO [0;39m com.linecorp.bot.client.wire.logHeader(HttpLoggingInterceptor.java:294)]   x-frame-options: DENY
[2021-10-31 23:08:20 [34mINFO [0;39m com.linecorp.bot.client.wire.logHeader(HttpLoggingInterceptor.java:294)]   x-line-request-id: 38fb0dcc-35cc-4395-80b1-ba2b63fdbb79
[2021-10-31 23:08:20 [34mINFO [0;39m com.linecorp.bot.client.wire.logHeader(HttpLoggingInterceptor.java:294)]   x-xss-protection: 1; mode=block
[2021-10-31 23:08:20 [34mINFO [0;39m com.linecorp.bot.client.wire.logHeader(HttpLoggingInterceptor.java:294)]   vary: Accept-Encoding
[2021-10-31 23:08:20 [34mINFO [0;39m com.linecorp.bot.client.wire.logHeader(HttpLoggingInterceptor.java:294)]   expires: Sun, 31 Oct 2021 15:08:21 GMT
[2021-10-31 23:08:20 [34mINFO [0;39m com.linecorp.bot.client.wire.logHeader(HttpLoggingInterceptor.java:294)]   cache-control: max-age=0, no-cache, no-store
[2021-10-31 23:08:20 [34mINFO [0;39m com.linecorp.bot.client.wire.logHeader(HttpLoggingInterceptor.java:294)]   pragma: no-cache
[2021-10-31 23:08:20 [34mINFO [0;39m com.linecorp.bot.client.wire.logHeader(HttpLoggingInterceptor.java:294)]   date: Sun, 31 Oct 2021 15:08:21 GMT
[2021-10-31 23:08:20 [34mINFO [0;39m com.linecorp.bot.client.wire.intercept(HttpLoggingInterceptor.java:276)]   
[2021-10-31 23:08:20 [34mINFO [0;39m com.linecorp.bot.client.wire.intercept(HttpLoggingInterceptor.java:277)]   {"richmenus":[{"richMenuId":"richmenu-bd0d04862c79acfa2bd625b668a401cf","name":"CovidMenu","size":{"width":2500,"height":1686},"chatBarText":"功能選單","selected":true,"areas":[{"bounds":{"x":0,"y":0,"width":836,"height":846},"action":{"label":"今日確診","type":"message","text":"查詢今日確診"}},{"bounds":{"x":833,"y":2,"width":836,"height":844},"action":{"label":"查看所在位置口罩剩餘狀態","type":"message","text":"查看所在位置口罩剩餘狀態"}},{"bounds":{"x":1666,"y":3,"width":834,"height":843},"action":{"label":"查看所在位置與確診足跡","type":"message","text":"查看所在位置與確診足跡"}},{"bounds":{"x":0,"y":846,"width":835,"height":840},"action":{"label":"國內外疫情","type":"postback","data":"國內外疫情","displayText":"國內外疫情"}},{"bounds":{"x":833,"y":846,"width":833,"height":840},"action":{"label":"查看疫苗施打人數累計統計圖","type":"message","text":"查看疫苗施打人數累計統計圖"}},{"bounds":{"x":1663,"y":843,"width":835,"height":843},"action":{"label":"其他","type":"postback","data":"其他","displayText":"其他"}}]}]}
[2021-10-31 23:08:20 [34mINFO [0;39m com.linecorp.bot.client.wire.intercept(HttpLoggingInterceptor.java:284)]   <-- END HTTP (1139-byte body)
[2021-10-31 23:08:21 [34mINFO [0;39m com.infotran.springboot.queue.service.RabbitMqService.sendPDFVaccinedAmount(RabbitMqService.java:42)] Vaccined PDF  推送[pdf取得各疫苗接踵累计人次]mq開始
[2021-10-31 23:08:21 [34mINFO [0;39m com.infotran.springboot.queue.receiver.PdfVaccineAmountReceiver.receiveMessage(PDFVaccinedAmountReceiver.java:22)]  PDF Receiver pdf取得各疫苗接踵累计人次接收處理-開始
[2021-10-31 23:08:21 [34mINFO [0;39m com.infotran.springboot.queue.service.RabbitMqService.sendMaskInfo(RabbitMqService.java:37)] Mask Info  推送[查詢剩餘口罩數]mq開始
[2021-10-31 23:08:21 [34mINFO [0;39m com.infotran.springboot.webcrawler.vaccinesvg.service.Impl.CheckPDFRecordServiceImpl.findByUploadTime(CheckPDFRecordServiceImpl.java:34)]  PDF Receiver 政府尚未更新pdf 上次上傳時間為: 1101029
[2021-10-31 23:08:21 [31mWARN [0;39m com.infotran.springboot.webcrawler.vaccinesvg.service.GetVaccinedInfoService.crawlPDFVaccinedAmount(GetVaccinedInfoService.java:172)]  PDF Receiver [GetVaccinedInfoService 截圖] pdf檔尚未更新 或 pdf檔非統計資料表 或 pdf檔已新增過
[2021-10-31 23:08:21 [34mINFO [0;39m com.infotran.springboot.queue.receiver.PdfVaccineAmountReceiver.receiveMessage(PDFVaccinedAmountReceiver.java:24)]  PDF Receiver pdf取得各疫苗接踵累计人次接收處理-結束
[2021-10-31 23:08:21 [34mINFO [0;39m com.infotran.springboot.queue.service.RabbitMqService.sendConfirmCase(RabbitMqService.java:32)] Confirm Case  推送[新增確診數]mq開始
[2021-10-31 23:08:21 [34mINFO [0;39m com.infotran.springboot.queue.receiver.ConfirmCaseReceiver.receiveMessage(ConfirmCaseReceiver.java:24)]  Confirm Case Receiver 當日新增確診者接收處理-開始
[2021-10-31 23:08:21 [34mINFO [0;39m com.infotran.springboot.queue.receiver.MaskInfoReceiver.receiveMessage(MaskInfoReceiver.java:23)]  Mask Info Receiver 查詢剩餘口罩數接收處理-開始
[2021-10-31 23:08:21 [34mINFO [0;39m com.infotran.springboot.webcrawler.confirmcase.service.GetCovidNumService.parseBody(GetCovidNumService.java:99)]  Confirm Case Receiver 當日新增數目:6,確診案例中分佈:均為境外移入,校正回歸:0,總數:6,死亡數目:0
[2021-10-31 23:08:22 [34mINFO [0;39m org.openqa.selenium.remote.ProtocolHandshake.createSession(ProtocolHandshake.java:78)]   Detected dialect: W3C
[2021-10-31 23:08:23 [34mINFO [0;39m org.openqa.selenium.remote.ProtocolHandshake.createSession(ProtocolHandshake.java:78)]   Detected dialect: W3C
[2021-10-31 23:08:23 [34mINFO [0;39m com.infotran.springboot.queue.receiver.ConfirmCaseReceiver.receiveMessage(ConfirmCaseReceiver.java:30)]  Confirm Case Receiver 當日新增確診者接收處理-結束
[2021-10-31 23:08:24 [34mINFO [0;39m com.infotran.springboot.queue.receiver.MaskInfoReceiver.receiveMessage(MaskInfoReceiver.java:25)]  Mask Info Receiver 查詢剩餘口罩數接收處理-結束
[2021-10-31 23:09:36 [34mINFO [0;39m org.springframework.amqp.rabbit.listener.SimpleMessageListenerContainer.doShutdown(SimpleMessageListenerContainer.java:634)]   Waiting for workers to finish.
[2021-10-31 23:09:37 [34mINFO [0;39m org.springframework.amqp.rabbit.listener.SimpleMessageListenerContainer.doShutdown(SimpleMessageListenerContainer.java:637)]   Successfully waited for workers to finish.
[2021-10-31 23:09:37 [34mINFO [0;39m org.springframework.amqp.rabbit.listener.SimpleMessageListenerContainer.doShutdown(SimpleMessageListenerContainer.java:634)]   Waiting for workers to finish.
[2021-10-31 23:09:38 [34mINFO [0;39m org.springframework.amqp.rabbit.listener.SimpleMessageListenerContainer.doShutdown(SimpleMessageListenerContainer.java:637)]   Successfully waited for workers to finish.
[2021-10-31 23:09:38 [34mINFO [0;39m org.springframework.amqp.rabbit.listener.SimpleMessageListenerContainer.doShutdown(SimpleMessageListenerContainer.java:634)]   Waiting for workers to finish.
[2021-10-31 23:09:38 [34mINFO [0;39m org.springframework.amqp.rabbit.listener.SimpleMessageListenerContainer.doShutdown(SimpleMessageListenerContainer.java:637)]   Successfully waited for workers to finish.
[2021-10-31 23:09:38 [34mINFO [0;39m org.springframework.scheduling.concurrent.ThreadPoolTaskScheduler.shutdown(ExecutorConfigurationSupport.java:218)]   Shutting down ExecutorService 'taskScheduler'
[2021-10-31 23:09:38 [34mINFO [0;39m org.springframework.scheduling.concurrent.ThreadPoolTaskExecutor.shutdown(ExecutorConfigurationSupport.java:218)]   Shutting down ExecutorService 'applicationTaskExecutor'
[2021-10-31 23:09:38 [34mINFO [0;39m org.springframework.amqp.rabbit.listener.SimpleMessageListenerContainer.shutdown(AbstractMessageListenerContainer.java:1284)]   Shutdown ignored - container is not active already
[2021-10-31 23:09:38 [34mINFO [0;39m org.springframework.amqp.rabbit.listener.SimpleMessageListenerContainer.shutdown(AbstractMessageListenerContainer.java:1284)]   Shutdown ignored - container is not active already
[2021-10-31 23:09:38 [34mINFO [0;39m org.springframework.amqp.rabbit.listener.SimpleMessageListenerContainer.shutdown(AbstractMessageListenerContainer.java:1284)]   Shutdown ignored - container is not active already
[2021-10-31 23:09:38 [34mINFO [0;39m org.springframework.orm.jpa.LocalContainerEntityManagerFactoryBean.destroy(AbstractEntityManagerFactoryBean.java:651)]   Closing JPA EntityManagerFactory for persistence unit 'default'
[2021-10-31 23:09:38 [34mINFO [0;39m com.zaxxer.hikari.HikariDataSource.close(HikariDataSource.java:350)]   HikariPool-1 - Shutdown initiated...
[2021-10-31 23:09:38 [34mINFO [0;39m com.zaxxer.hikari.HikariDataSource.close(HikariDataSource.java:352)]   HikariPool-1 - Shutdown completed.
